PRT1
108
252
4 0 8 (3072 2048 256 ) (3072 2048 2048 ) (2048 2048 2048 ) (2048 2048 256 ) 
4 0 2 (2048 2048 256 ) (2048 2048 2048 ) (2048 3072 2048 ) (2048 3072 256 ) 
5 0 1 (2048 2304 256 ) (2048 3072 256 ) (3072 3072 256 ) (3072 2048 256 ) (2304 2048 256 ) 
4 1 10 (2560 2048 256 ) (2304 2048 256 ) (2304 2048 -768 ) (2560 2048 -768 ) 
4 1 9 (3072 2048 -768 ) (3072 2048 256 ) (2560 2048 256 ) (2560 2048 -768 ) 
4 1 4 (2048 2304 256 ) (2048 2560 256 ) (2048 2560 -768 ) (2048 2304 -768 ) 
4 1 3 (2048 2560 256 ) (2048 3072 256 ) (2048 3072 -768 ) (2048 2560 -768 ) 
4 2 13 (2048 2048 256 ) (2048 2048 2048 ) (1024 2048 2048 ) (1024 2048 256 ) 
4 2 5 (1024 3072 2048 ) (1024 3072 256 ) (1024 2048 256 ) (1024 2048 2048 ) 
3 2 4 (1792 2560 256 ) (2048 2560 256 ) (2048 2304 256 ) 
4 2 3 (1024 2560 256 ) (1024 3072 256 ) (2048 3072 256 ) (2048 2560 256 ) 
4 3 6 (1024 3072 256 ) (1024 3072 -768 ) (1024 2560 -768 ) (1024 2560 256 ) 
4 3 4 (1792 2560 -768 ) (2048 2560 -768 ) (2048 2560 256 ) (1792 2560 256 ) 
4 5 19 (0 2048 256 ) (0 2048 2048 ) (0 3072 2048 ) (0 3072 256 ) 
4 5 14 (1024 2048 256 ) (1024 2048 2048 ) (0 2048 2048 ) (0 2048 256 ) 
4 5 6 (768 2560 256 ) (768 3072 256 ) (1024 3072 256 ) (1024 2560 256 ) 
4 5 7 (768 2048 256 ) (0 2048 256 ) (0 3072 256 ) (768 3072 256 ) 
4 6 7 (768 3072 -768 ) (768 2560 -768 ) (768 2560 256 ) (768 3072 256 ) 
4 7 20 (0 2048 -768 ) (0 2048 256 ) (0 3072 256 ) (0 3072 -768 ) 
4 7 15 (768 2048 256 ) (0 2048 256 ) (0 2048 -768 ) (768 2048 -768 ) 
4 8 13 (2048 2048 2048 ) (2048 2048 256 ) (2048 1024 256 ) (2048 1024 2048 ) 
4 8 11 (3072 1024 256 ) (3072 1024 2048 ) (2048 1024 2048 ) (2048 1024 256 ) 
3 8 10 (2304 2048 256 ) (2560 2048 256 ) (2560 1792 256 ) 
4 8 9 (3072 1024 256 ) (2560 1024 256 ) (2560 2048 256 ) (3072 2048 256 ) 
4 9 12 (3072 1024 -768 ) (3072 1024 256 ) (2560 1024 256 ) (2560 1024 -768 ) 
4 9 10 (2560 2048 -768 ) (2560 1792 -768 ) (2560 1792 256 ) (2560 2048 256 ) 
4 11 38 (3072 0 256 ) (3072 0 2048 ) (2048 0 2048 ) (2048 0 256 ) 
4 11 16 (2048 0 256 ) (2048 0 2048 ) (2048 1024 2048 ) (2048 1024 256 ) 
4 11 12 (3072 0 256 ) (2560 0 256 ) (2560 1024 256 ) (3072 1024 256 ) 
4 12 39 (3072 0 -768 ) (3072 0 256 ) (2560 0 256 ) (2560 0 -768 ) 
4 13 16 (2048 1024 256 ) (2048 1024 2048 ) (1024 1024 2048 ) (1024 1024 256 ) 
4 13 14 (1024 2048 2048 ) (1024 2048 256 ) (1024 1024 256 ) (1024 1024 2048 ) 
4 14 25 (0 1024 256 ) (0 1024 2048 ) (0 2048 2048 ) (0 2048 256 ) 
4 14 18 (1024 1024 256 ) (1024 1024 320 ) (512 1024 320 ) (512 1024 256 ) 
4 14 17 (1024 1024 320 ) (1024 1024 2048 ) (0 1024 2048 ) (0 1024 320 ) 
4 14 15 (768 1024 256 ) (0 1024 256 ) (0 2048 256 ) (768 2048 256 ) 
4 15 26 (0 1024 -768 ) (0 1024 256 ) (0 2048 256 ) (0 2048 -768 ) 
4 16 43 (2048 0 256 ) (2048 0 2048 ) (1024 0 2048 ) (1024 0 256 ) 
4 16 18 (1024 1024 320 ) (1024 1024 256 ) (1024 512 256 ) (1024 512 320 ) 
4 16 17 (1024 1024 2048 ) (1024 1024 320 ) (1024 0 320 ) (1024 0 2048 ) 
4 17 44 (1024 0 320 ) (1024 0 2048 ) (0 0 2048 ) (0 0 320 ) 
4 17 28 (0 0 320 ) (0 0 2048 ) (0 1024 2048 ) (0 1024 320 ) 
3 17 18 (512 1024 320 ) (1024 1024 320 ) (1024 512 320 ) 
4 19 25 (0 2048 256 ) (0 2048 2048 ) (-1024 2048 2048 ) (-1024 2048 256 ) 
4 19 22 (-1024 2048 256 ) (-1024 2048 2048 ) (-1024 3072 2048 ) (-1024 3072 256 ) 
4 19 21 (-1024 2560 256 ) (-1024 3072 256 ) (-768 3072 256 ) (-768 2560 256 ) 
4 19 20 (-768 3072 256 ) (0 3072 256 ) (0 2048 256 ) (-768 2048 256 ) 
4 20 26 (0 2048 -768 ) (0 2048 256 ) (-768 2048 256 ) (-768 2048 -768 ) 
4 20 21 (-768 3072 -768 ) (-768 2560 -768 ) (-768 2560 256 ) (-768 3072 256 ) 
4 21 23 (-1024 2560 256 ) (-1024 3072 256 ) (-1024 3072 -768 ) (-1024 2560 -768 ) 
4 22 31 (-2048 2048 256 ) (-2048 2048 2048 ) (-2048 3072 2048 ) (-2048 3072 256 ) 
4 22 27 (-1024 2048 256 ) (-1024 2048 2048 ) (-2048 2048 2048 ) (-2048 2048 256 ) 
3 22 24 (-2048 2304 256 ) (-2048 2560 256 ) (-1792 2560 256 ) 
4 22 23 (-2048 2560 256 ) (-2048 3072 256 ) (-1024 3072 256 ) (-1024 2560 256 ) 
4 23 32 (-2048 2560 256 ) (-2048 3072 256 ) (-2048 3072 -768 ) (-2048 2560 -768 ) 
4 23 24 (-2048 2560 -768 ) (-1792 2560 -768 ) (-1792 2560 256 ) (-2048 2560 256 ) 
4 24 32 (-2048 2304 256 ) (-2048 2560 256 ) (-2048 2560 -768 ) (-2048 2304 -768 ) 
4 25 29 (-512 1024 320 ) (-1024 1024 320 ) (-1024 1024 256 ) (-512 1024 256 ) 
4 25 28 (0 1024 320 ) (0 1024 2048 ) (-1024 1024 2048 ) (-1024 1024 320 ) 
4 25 27 (-1024 1024 256 ) (-1024 1024 2048 ) (-1024 2048 2048 ) (-1024 2048 256 ) 
4 25 26 (-768 2048 256 ) (0 2048 256 ) (0 1024 256 ) (-768 1024 256 ) 
4 27 33 (-2048 1024 256 ) (-2048 1024 2048 ) (-2048 2048 2048 ) (-2048 2048 256 ) 
4 27 30 (-2048 1024 2048 ) (-2048 1024 256 ) (-1024 1024 256 ) (-1024 1024 2048 ) 
4 28 80 (0 0 320 ) (0 0 2048 ) (-1024 0 2048 ) (-1024 0 320 ) 
4 28 30 (-1024 1024 2048 ) (-1024 1024 320 ) (-1024 0 320 ) (-1024 0 2048 ) 
3 28 29 (-1024 512 320 ) (-1024 1024 320 ) (-512 1024 320 ) 
4 29 30 (-1024 1024 320 ) (-1024 1024 256 ) (-1024 512 256 ) (-1024 512 320 ) 
4 30 82 (-1024 0 256 ) (-1024 0 2048 ) (-2048 0 2048 ) (-2048 0 256 ) 
4 30 36 (-2048 0 256 ) (-2048 0 2048 ) (-2048 1024 2048 ) (-2048 1024 256 ) 
4 31 33 (-2048 2048 256 ) (-2048 2048 2048 ) (-3072 2048 2048 ) (-3072 2048 256 ) 
5 31 32 (-3072 2048 256 ) (-3072 3072 256 ) (-2048 3072 256 ) (-2048 2304 256 ) (-2304 2048 256 ) 
4 32 34 (-2304 2048 256 ) (-2560 2048 256 ) (-2560 2048 -768 ) (-2304 2048 -768 ) 
4 32 35 (-2560 2048 256 ) (-3072 2048 256 ) (-3072 2048 -768 ) (-2560 2048 -768 ) 
4 33 36 (-2048 1024 256 ) (-2048 1024 2048 ) (-3072 1024 2048 ) (-3072 1024 256 ) 
3 33 34 (-2560 1792 256 ) (-2560 2048 256 ) (-2304 2048 256 ) 
4 33 35 (-2560 1024 256 ) (-3072 1024 256 ) (-3072 2048 256 ) (-2560 2048 256 ) 
4 34 35 (-2560 2048 -768 ) (-2560 1792 -768 ) (-2560 1792 256 ) (-2560 2048 256 ) 
4 35 37 (-2560 1024 256 ) (-3072 1024 256 ) (-3072 1024 -768 ) (-2560 1024 -768 ) 
4 36 91 (-2048 0 256 ) (-2048 0 2048 ) (-3072 0 2048 ) (-3072 0 256 ) 
4 36 37 (-2560 0 256 ) (-3072 0 256 ) (-3072 1024 256 ) (-2560 1024 256 ) 
4 37 92 (-2560 0 256 ) (-3072 0 256 ) (-3072 0 -768 ) (-2560 0 -768 ) 
4 38 43 (2048 -1024 256 ) (2048 -1024 2048 ) (2048 0 2048 ) (2048 0 256 ) 
4 38 40 (3072 -1024 256 ) (3072 -1024 2048 ) (2048 -1024 2048 ) (2048 -1024 256 ) 
4 38 39 (3072 -1024 256 ) (2560 -1024 256 ) (2560 0 256 ) (3072 0 256 ) 
4 39 41 (3072 -1024 -768 ) (3072 -1024 256 ) (2560 -1024 256 ) (2560 -1024 -768 ) 
4 40 62 (3072 -2048 256 ) (3072 -2048 2048 ) (2048 -2048 2048 ) (2048 -2048 256 ) 
4 40 46 (2048 -2048 256 ) (2048 -2048 2048 ) (2048 -1024 2048 ) (2048 -1024 256 ) 
4 40 42 (2560 -2048 256 ) (2048 -2048 256 ) (2048 -1536 256 ) (2560 -1024 256 ) 
4 40 41 (3072 -1024 256 ) (3072 -2048 256 ) (2560 -2048 256 ) (2560 -1024 256 ) 
4 41 62 (3072 -2048 -768 ) (3072 -2048 256 ) (2560 -2048 256 ) (2560 -2048 -768 ) 
4 41 42 (2560 -1024 -768 ) (2560 -2048 -768 ) (2560 -2048 256 ) (2560 -1024 256 ) 
4 42 62 (2560 -2048 256 ) (2048 -2048 256 ) (2048 -2048 -768 ) (2560 -2048 -768 ) 
4 42 47 (2048 -2048 -768 ) (2048 -2048 256 ) (2048 -1536 256 ) (2048 -1536 -768 ) 
4 43 46 (2048 -1024 256 ) (2048 -1024 2048 ) (1024 -1024 2048 ) (1024 -1024 256 ) 
4 43 45 (1024 -1024 256 ) (1024 -1024 320 ) (1024 -512 320 ) (1024 -512 256 ) 
4 43 44 (1024 -1024 320 ) (1024 -1024 2048 ) (1024 0 2048 ) (1024 0 320 ) 
4 44 80 (0 0 2048 ) (0 0 320 ) (0 -1024 320 ) (0 -1024 2048 ) 
4 44 58 (512 -1024 320 ) (1024 -1024 320 ) (1024 -1024 448 ) (512 -1024 448 ) 
4 44 49 (0 -1024 2048 ) (0 -1024 1280 ) (512 -1024 1280 ) (512 -1024 2048 ) 
4 44 48 (512 -1024 448 ) (1024 -1024 448 ) (1024 -1024 2048 ) (512 -1024 2048 ) 
3 44 45 (1024 -1024 320 ) (512 -1024 320 ) (1024 -512 320 ) 
4 45 58 (512 -1024 256 ) (1024 -1024 256 ) (1024 -1024 320 ) (512 -1024 320 ) 
4 46 63 (2048 -2048 256 ) (2048 -2048 2048 ) (1024 -2048 2048 ) (1024 -2048 256 ) 
4 46 59 (1024 -1056 256 ) (1024 -2048 256 ) (1024 -2048 448 ) (1024 -1056 448 ) 
4 46 58 (1024 -1024 448 ) (1024 -1024 256 ) (1024 -1056 256 ) (1024 -1056 448 ) 
4 46 55 (1024 -1088 448 ) (1024 -2048 448 ) (1024 -2048 576 ) (1024 -1088 576 ) 
4 46 52 (1024 -2048 576 ) (1024 -2048 2048 ) (1024 -1088 2048 ) (1024 -1088 576 ) 
4 46 50 (1024 -1056 448 ) (1024 -1088 448 ) (1024 -1088 2048 ) (1024 -1056 2048 ) 
4 46 48 (1024 -1024 2048 ) (1024 -1024 448 ) (1024 -1056 448 ) (1024 -1056 2048 ) 
3 46 47 (2048 -2048 256 ) (1536 -2048 256 ) (2048 -1536 256 ) 
4 47 64 (2048 -2048 -768 ) (2048 -2048 256 ) (1536 -2048 256 ) (1536 -2048 -768 ) 
4 48 58 (512 -1024 448 ) (1024 -1024 448 ) (1024 -1056 448 ) (512 -1056 448 ) 
4 48 50 (512 -1056 448 ) (1024 -1056 448 ) (1024 -1056 2048 ) (512 -1056 2048 ) 
4 48 49 (512 -1056 1280 ) (512 -1056 2048 ) (512 -1024 2048 ) (512 -1024 1280 ) 
4 49 83 (0 -1024 2048 ) (0 -1024 1280 ) (0 -1056 1280 ) (0 -1056 2048 ) 
4 49 51 (0 -1056 2048 ) (0 -1056 1280 ) (128 -1056 1280 ) (128 -1056 2048 ) 
4 49 50 (128 -1056 1280 ) (512 -1056 1280 ) (512 -1056 2048 ) (128 -1056 2048 ) 
4 50 60 (128 -1056 448 ) (320 -1056 448 ) (320 -1088 448 ) (128 -1088 448 ) 
4 50 59 (320 -1056 448 ) (1024 -1056 448 ) (1024 -1088 448 ) (320 -1088 448 ) 
4 50 55 (128 -1088 448 ) (1024 -1088 448 ) (1024 -1088 576 ) (128 -1088 576 ) 
4 50 52 (1024 -1088 576 ) (1024 -1088 2048 ) (128 -1088 2048 ) (128 -1088 576 ) 
4 50 51 (128 -1088 704 ) (128 -1088 2048 ) (128 -1056 2048 ) (128 -1056 704 ) 
4 51 85 (0 -1056 2048 ) (0 -1056 704 ) (0 -1088 704 ) (0 -1088 2048 ) 
4 51 53 (128 -1088 704 ) (128 -1088 2048 ) (96 -1088 2048 ) (96 -1088 704 ) 
4 51 54 (96 -1088 2048 ) (0 -1088 2048 ) (0 -1088 704 ) (96 -1088 704 ) 
4 52 66 (1024 -2048 576 ) (1024 -2048 2048 ) (128 -2048 2048 ) (128 -2048 576 ) 
4 52 55 (128 -1088 576 ) (1024 -1088 576 ) (1024 -2048 576 ) (128 -2048 576 ) 
4 52 53 (128 -2048 704 ) (128 -2048 2048 ) (128 -1088 2048 ) (128 -1088 704 ) 
4 53 67 (128 -2048 2048 ) (96 -2048 2048 ) (96 -2048 704 ) (128 -2048 704 ) 
4 53 54 (96 -2048 704 ) (96 -2048 2048 ) (96 -1088 2048 ) (96 -1088 704 ) 
4 54 86 (0 -2048 576 ) (0 -2048 704 ) (0 -1088 704 ) (0 -1088 576 ) 
4 54 85 (0 -2048 704 ) (0 -2048 2048 ) (0 -1088 2048 ) (0 -1088 704 ) 
4 54 68 (96 -2048 2048 ) (0 -2048 2048 ) (0 -2048 576 ) (96 -2048 576 ) 
4 54 57 (0 -2048 576 ) (0 -1088 576 ) (96 -1088 576 ) (96 -2048 576 ) 
4 55 69 (1024 -2048 448 ) (1024 -2048 576 ) (128 -2048 576 ) (128 -2048 448 ) 
4 55 60 (128 -1088 448 ) (320 -1088 448 ) (320 -1856 448 ) (128 -1856 448 ) 
4 55 59 (320 -1088 448 ) (1024 -1088 448 ) (1024 -2048 448 ) (320 -2048 448 ) 
4 55 56 (128 -2048 576 ) (128 -1904 576 ) (128 -1904 448 ) (128 -2048 448 ) 
4 56 70 (128 -2048 576 ) (96 -2048 576 ) (96 -2048 448 ) (128 -2048 448 ) 
4 56 57 (96 -2048 576 ) (96 -1904 576 ) (96 -1904 448 ) (96 -2048 448 ) 
4 57 86 (0 -2048 448 ) (0 -2048 576 ) (0 -1088 576 ) (0 -1088 448 ) 
4 57 71 (96 -2048 576 ) (0 -2048 576 ) (0 -2048 448 ) (96 -2048 448 ) 
4 58 59 (512 -1056 256 ) (1024 -1056 256 ) (1024 -1056 448 ) (512 -1056 448 ) 
4 59 75 (1024 -2048 256 ) (1024 -2048 448 ) (320 -2048 448 ) (320 -2048 256 ) 
4 59 61 (320 -1856 256 ) (320 -2048 256 ) (320 -2048 416 ) (320 -1856 416 ) 
4 59 60 (320 -1056 448 ) (320 -1056 256 ) (320 -1856 256 ) (320 -1856 448 ) 
4 60 61 (128 -1856 416 ) (128 -1856 256 ) (320 -1856 256 ) (320 -1856 416 ) 
4 61 76 (128 -2048 416 ) (128 -2048 256 ) (320 -2048 256 ) (320 -2048 416 ) 
4 62 64 (2048 -2048 256 ) (2048 -2048 -768 ) (2048 -2560 -768 ) (2048 -2560 256 ) 
4 62 65 (2048 -2560 -768 ) (2048 -3072 -768 ) (2048 -3072 256 ) (2048 -2560 256 ) 
4 62 63 (2048 -2048 2048 ) (2048 -2048 256 ) (2048 -3072 256 ) (2048 -3072 2048 ) 
4 63 75 (1024 -3072 256 ) (1024 -3072 448 ) (1024 -2048 448 ) (1024 -2048 256 ) 
4 63 73 (1024 -3072 448 ) (1024 -3072 704 ) (1024 -2080 704 ) (1024 -2080 448 ) 
4 63 72 (1024 -3072 704 ) (1024 -3072 2048 ) (1024 -2080 2048 ) (1024 -2080 704 ) 
4 63 69 (1024 -2048 576 ) (1024 -2048 448 ) (1024 -2080 448 ) (1024 -2080 576 ) 
4 63 66 (1024 -2080 2048 ) (1024 -2048 2048 ) (1024 -2048 576 ) (1024 -2080 576 ) 
4 63 64 (1024 -2560 256 ) (1536 -2048 256 ) (2048 -2048 256 ) (2048 -2560 256 ) 
4 63 65 (1024 -3072 256 ) (1024 -2560 256 ) (2048 -2560 256 ) (2048 -3072 256 ) 
4 64 65 (1024 -2560 -768 ) (2048 -2560 -768 ) (2048 -2560 256 ) (1024 -2560 256 ) 
4 65 79 (1024 -3072 -768 ) (1024 -3072 256 ) (1024 -2560 256 ) (1024 -2560 -768 ) 
4 66 73 (1024 -2080 576 ) (1024 -2080 704 ) (128 -2080 704 ) (128 -2080 576 ) 
4 66 72 (1024 -2080 704 ) (1024 -2080 2048 ) (128 -2080 2048 ) (128 -2080 704 ) 
4 66 69 (1024 -2080 576 ) (128 -2080 576 ) (128 -2048 576 ) (1024 -2048 576 ) 
4 66 67 (128 -2080 704 ) (128 -2080 2048 ) (128 -2048 2048 ) (128 -2048 704 ) 
4 67 72 (128 -2080 2048 ) (96 -2080 2048 ) (96 -2080 704 ) (128 -2080 704 ) 
4 67 68 (96 -2080 704 ) (96 -2080 2048 ) (96 -2048 2048 ) (96 -2048 704 ) 
4 68 97 (0 -2048 704 ) (0 -2048 576 ) (0 -2080 576 ) (0 -2080 704 ) 
4 68 96 (0 -2048 2048 ) (0 -2048 704 ) (0 -2080 704 ) (0 -2080 2048 ) 
4 68 72 (96 -2080 2048 ) (0 -2080 2048 ) (0 -2080 704 ) (96 -2080 704 ) 
4 68 71 (96 -2080 576 ) (0 -2080 576 ) (0 -2048 576 ) (96 -2048 576 ) 
4 69 75 (320 -2048 448 ) (1024 -2048 448 ) (1024 -2080 448 ) (320 -2080 448 ) 
4 69 73 (128 -2080 448 ) (1024 -2080 448 ) (1024 -2080 576 ) (128 -2080 576 ) 
4 69 70 (128 -2048 448 ) (128 -2064 448 ) (128 -2064 576 ) (128 -2048 576 ) 
4 70 71 (96 -2048 448 ) (96 -2064 448 ) (96 -2064 576 ) (96 -2048 576 ) 
4 71 97 (0 -2048 576 ) (0 -2048 448 ) (0 -2080 448 ) (0 -2080 576 ) 
4 72 96 (0 -3072 704 ) (0 -3072 2048 ) (0 -2080 2048 ) (0 -2080 704 ) 
4 72 74 (0 -3072 704 ) (0 -2112 704 ) (128 -2112 704 ) (128 -3072 704 ) 
4 72 73 (128 -2080 704 ) (1024 -2080 704 ) (1024 -3072 704 ) (128 -3072 704 ) 
4 73 77 (320 -2112 448 ) (320 -3072 448 ) (128 -3072 448 ) (128 -2112 448 ) 
4 73 75 (320 -2080 448 ) (1024 -2080 448 ) (1024 -3072 448 ) (320 -3072 448 ) 
4 73 74 (128 -3072 704 ) (128 -2112 704 ) (128 -2112 448 ) (128 -3072 448 ) 
4 74 98 (0 -3072 448 ) (0 -3072 704 ) (0 -2112 704 ) (0 -2112 448 ) 
4 74 78 (0 -3072 448 ) (0 -2112 448 ) (128 -2112 448 ) (128 -3072 448 ) 
4 75 79 (1024 -3072 256 ) (320 -3072 256 ) (320 -2560 256 ) (1024 -2560 256 ) 
4 75 76 (320 -2048 256 ) (320 -2112 256 ) (320 -2112 416 ) (320 -2048 416 ) 
4 75 77 (320 -2112 256 ) (320 -3072 256 ) (320 -3072 448 ) (320 -2112 448 ) 
4 76 77 (128 -2112 416 ) (128 -2112 256 ) (320 -2112 256 ) (320 -2112 416 ) 
4 77 79 (320 -3072 256 ) (128 -3072 256 ) (128 -2560 256 ) (320 -2560 256 ) 
4 77 78 (128 -2112 256 ) (128 -3072 256 ) (128 -3072 448 ) (128 -2112 448 ) 
4 78 101 (0 -3072 256 ) (0 -3072 448 ) (0 -2112 448 ) (0 -2112 256 ) 
4 78 79 (128 -3072 256 ) (0 -3072 256 ) (0 -2560 256 ) (128 -2560 256 ) 
4 79 103 (0 -3072 -768 ) (0 -3072 256 ) (0 -2560 256 ) (0 -2560 -768 ) 
4 80 83 (0 -1024 1280 ) (0 -1024 2048 ) (-512 -1024 2048 ) (-512 -1024 1280 ) 
4 80 84 (-512 -1024 2048 ) (-1024 -1024 2048 ) (-1024 -1024 320 ) (-512 -1024 320 ) 
4 80 82 (-1024 0 2048 ) (-1024 0 320 ) (-1024 -1024 320 ) (-1024 -1024 2048 ) 
3 80 81 (-1024 -1024 320 ) (-1024 -512 320 ) (-512 -1024 320 ) 
4 81 84 (-512 -1024 320 ) (-1024 -1024 320 ) (-1024 -1024 256 ) (-512 -1024 256 ) 
4 81 82 (-1024 -512 256 ) (-1024 -1024 256 ) (-1024 -1024 320 ) (-1024 -512 320 ) 
4 82 91 (-2048 0 2048 ) (-2048 0 256 ) (-2048 -1024 256 ) (-2048 -1024 2048 ) 
4 82 89 (-1024 -1024 256 ) (-1024 -1024 2048 ) (-2048 -1024 2048 ) (-2048 -1024 256 ) 
4 83 85 (0 -1056 1280 ) (0 -1056 2048 ) (-512 -1056 2048 ) (-512 -1056 1280 ) 
4 83 84 (-512 -1056 1280 ) (-512 -1056 2048 ) (-512 -1024 2048 ) (-512 -1024 1280 ) 
4 84 89 (-1024 -1024 2048 ) (-1024 -1024 256 ) (-1024 -1056 256 ) (-1024 -1056 2048 ) 
4 84 88 (-1024 -1056 448 ) (-1024 -1056 256 ) (-512 -1056 256 ) (-512 -1056 448 ) 
4 84 87 (-1024 -1056 704 ) (-1024 -1056 448 ) (-512 -1056 448 ) (-512 -1056 704 ) 
4 84 85 (-1024 -1056 2048 ) (-1024 -1056 704 ) (-512 -1056 704 ) (-512 -1056 2048 ) 
4 85 96 (0 -2048 704 ) (0 -2048 2048 ) (-1024 -2048 2048 ) (-1024 -2048 704 ) 
4 85 89 (-1024 -2048 704 ) (-1024 -2048 2048 ) (-1024 -1056 2048 ) (-1024 -1056 704 ) 
4 85 87 (-1024 -2048 704 ) (-1024 -1056 704 ) (-512 -1056 704 ) (-512 -2048 704 ) 
4 85 86 (0 -1088 704 ) (0 -2048 704 ) (-480 -2048 704 ) (-480 -1088 704 ) 
4 86 97 (0 -2048 448 ) (0 -2048 704 ) (-480 -2048 704 ) (-480 -2048 448 ) 
4 87 100 (-512 -2048 704 ) (-1024 -2048 704 ) (-1024 -2048 448 ) (-512 -2048 448 ) 
4 87 89 (-1024 -2048 448 ) (-1024 -2048 704 ) (-1024 -1056 704 ) (-1024 -1056 448 ) 
4 87 88 (-512 -2048 448 ) (-1024 -2048 448 ) (-1024 -1056 448 ) (-512 -1056 448 ) 
4 88 102 (-512 -2048 448 ) (-1024 -2048 448 ) (-1024 -2048 256 ) (-512 -2048 256 ) 
4 88 89 (-1024 -1056 256 ) (-1024 -2048 256 ) (-1024 -2048 448 ) (-1024 -1056 448 ) 
4 89 104 (-1024 -2048 256 ) (-1024 -2048 2048 ) (-2048 -2048 2048 ) (-2048 -2048 256 ) 
4 89 93 (-2048 -2048 256 ) (-2048 -2048 2048 ) (-2048 -1024 2048 ) (-2048 -1024 256 ) 
3 89 90 (-1536 -2048 256 ) (-2048 -2048 256 ) (-2048 -1536 256 ) 
4 90 105 (-1536 -2048 256 ) (-2048 -2048 256 ) (-2048 -2048 -768 ) (-1536 -2048 -768 ) 
4 90 94 (-2048 -2048 -768 ) (-2048 -2048 256 ) (-2048 -1536 256 ) (-2048 -1536 -768 ) 
4 91 93 (-2048 -1024 256 ) (-2048 -1024 2048 ) (-3072 -1024 2048 ) (-3072 -1024 256 ) 
4 91 92 (-2560 -1024 256 ) (-3072 -1024 256 ) (-3072 0 256 ) (-2560 0 256 ) 
4 92 95 (-2560 -1024 256 ) (-3072 -1024 256 ) (-3072 -1024 -768 ) (-2560 -1024 -768 ) 
4 93 107 (-2048 -2048 256 ) (-2048 -2048 2048 ) (-3072 -2048 2048 ) (-3072 -2048 256 ) 
4 93 94 (-2048 -2048 256 ) (-2560 -2048 256 ) (-2560 -1024 256 ) (-2048 -1536 256 ) 
4 93 95 (-2560 -2048 256 ) (-3072 -2048 256 ) (-3072 -1024 256 ) (-2560 -1024 256 ) 
4 94 107 (-2048 -2048 -768 ) (-2048 -2048 256 ) (-2560 -2048 256 ) (-2560 -2048 -768 ) 
4 94 95 (-2560 -1024 -768 ) (-2560 -2048 -768 ) (-2560 -2048 256 ) (-2560 -1024 256 ) 
4 95 107 (-2560 -2048 256 ) (-3072 -2048 256 ) (-3072 -2048 -768 ) (-2560 -2048 -768 ) 
4 96 104 (-1024 -2048 2048 ) (-1024 -2048 704 ) (-1024 -3072 704 ) (-1024 -3072 2048 ) 
4 96 99 (-480 -2112 704 ) (-480 -3072 704 ) (-512 -3072 704 ) (-512 -2112 704 ) 
4 96 100 (-1024 -3072 704 ) (-1024 -2048 704 ) (-512 -2048 704 ) (-512 -3072 704 ) 
4 96 97 (-480 -2048 704 ) (0 -2048 704 ) (0 -2080 704 ) (-480 -2080 704 ) 
4 96 98 (0 -2112 704 ) (0 -3072 704 ) (-480 -3072 704 ) (-480 -2112 704 ) 
4 98 101 (0 -3072 448 ) (-480 -3072 448 ) (-480 -2112 448 ) (0 -2112 448 ) 
4 98 99 (-480 -2112 448 ) (-480 -3072 448 ) (-480 -3072 704 ) (-480 -2112 704 ) 
4 99 101 (-480 -3072 448 ) (-512 -3072 448 ) (-512 -2112 448 ) (-480 -2112 448 ) 
4 99 100 (-512 -2112 448 ) (-512 -3072 448 ) (-512 -3072 704 ) (-512 -2112 704 ) 
4 100 104 (-1024 -2048 704 ) (-1024 -2048 448 ) (-1024 -3072 448 ) (-1024 -3072 704 ) 
4 100 102 (-512 -3072 448 ) (-1024 -3072 448 ) (-1024 -2048 448 ) (-512 -2048 448 ) 
4 101 103 (0 -2560 256 ) (0 -3072 256 ) (-512 -3072 256 ) (-512 -2560 256 ) 
4 101 102 (-512 -2112 256 ) (-512 -3072 256 ) (-512 -3072 448 ) (-512 -2112 448 ) 
4 102 104 (-1024 -2048 448 ) (-1024 -2048 256 ) (-1024 -3072 256 ) (-1024 -3072 448 ) 
4 102 103 (-1024 -3072 256 ) (-1024 -2560 256 ) (-512 -2560 256 ) (-512 -3072 256 ) 
4 103 106 (-1024 -2560 -768 ) (-1024 -3072 -768 ) (-1024 -3072 256 ) (-1024 -2560 256 ) 
4 104 107 (-2048 -2048 2048 ) (-2048 -2048 256 ) (-2048 -3072 256 ) (-2048 -3072 2048 ) 
4 104 105 (-2048 -2560 256 ) (-2048 -2048 256 ) (-1536 -2048 256 ) (-1024 -2560 256 ) 
4 104 106 (-1024 -3072 256 ) (-2048 -3072 256 ) (-2048 -2560 256 ) (-1024 -2560 256 ) 
4 105 107 (-2048 -2048 256 ) (-2048 -2048 -768 ) (-2048 -2560 -768 ) (-2048 -2560 256 ) 
4 105 106 (-2048 -2560 -768 ) (-1024 -2560 -768 ) (-1024 -2560 256 ) (-2048 -2560 256 ) 
4 106 107 (-2048 -2560 -768 ) (-2048 -3072 -768 ) (-2048 -3072 256 ) (-2048 -2560 256 ) 
